# JRE version: OpenJDK Runtime Environment Temurin-17.0.8.1+1 (17.0.8.1+1) (build 17.0.8.1+1)
# Java VM: OpenJDK 64-Bit Server VM Temurin-17.0.8.1+1 (17.0.8.1+1, mixed mode, emulated-client, tiered, compressed oops, compressed class ptrs, g1 gc, windows-amd64)
GC Precious Log:
 CPUs: 8 total, 8 available
 Memory: 3938M
 Large Page Support: Disabled
 NUMA Support: Disabled
 Compressed Oops: Enabled (32-bit)
 Heap Region Size: 1M
 Heap Min Capacity: 8M
 Heap Initial Capacity: 62M
 Heap Max Capacity: 986M
 Pre-touch: Disabled
 Parallel Workers: 8
 Concurrent Workers: 2
 Concurrent Refinement Workers: 8
 Periodic GC: Disabled
Heap:
 garbage-first heap   total 51200K, used 23445K [0x00000000c2600000, 0x0000000100000000)
  region size 1024K, 1 young (1024K), 1 survivors (1024K)
 Metaspace       used 51043K, committed 51584K, reserved 1114112K
  class space    used 6305K, committed 6528K, reserved 1048576K
GC Heap History (20 events):
Event: 1.509 GC heap after
{Heap after GC invocations=7 (full 0):
 garbage-first heap   total 41984K, used 12773K [0x00000000c2600000, 0x0000000100000000)
  region size 1024K, 1 young (1024K), 1 survivors (1024K)
 Metaspace       used 31278K, committed 31616K, reserved 1114112K
  class space    used 3800K, committed 3968K, reserved 1048576K
}
Event: 1.787 GC heap before
{Heap before GC invocations=7 (full 0):
 garbage-first heap   total 41984K, used 30181K [0x00000000c2600000, 0x0000000100000000)
  region size 1024K, 18 young (18432K), 1 survivors (1024K)
 Metaspace       used 32659K, committed 32960K, reserved 1114112K
  class space    used 3990K, committed 4160K, reserved 1048576K
}
Event: 1.790 GC heap after
{Heap after GC invocations=8 (full 0):
 garbage-first heap   total 41984K, used 14455K [0x00000000c2600000, 0x0000000100000000)
  region size 1024K, 3 young (3072K), 3 survivors (3072K)
 Metaspace       used 32659K, committed 32960K, reserved 1114112K
  class space    used 3990K, committed 4160K, reserved 1048576K
}
Event: 1.970 GC heap before
{Heap before GC invocations=8 (full 0):
 garbage-first heap   total 41984K, used 28791K [0x00000000c2600000, 0x0000000100000000)
  region size 1024K, 18 young (18432K), 3 survivors (3072K)
 Metaspace       used 33762K, committed 34112K, reserved 1114112K
  class space    used 4152K, committed 4352K, reserved 1048576K
}
Event: 1.973 GC heap after
{Heap after GC invocations=9 (full 0):
 garbage-first heap   total 41984K, used 15222K [0x00000000c2600000, 0x0000000100000000)
  region size 1024K, 2 young (2048K), 2 survivors (2048K)
 Metaspace       used 33762K, committed 34112K, reserved 1114112K
  class space    used 4152K, committed 4352K, reserved 1048576K
}
Event: 2.170 GC heap before
{Heap before GC invocations=9 (full 0):
 garbage-first heap   total 41984K, used 28534K [0x00000000c2600000, 0x0000000100000000)
  region size 1024K, 16 young (16384K), 2 survivors (2048K)
 Metaspace       used 35667K, committed 36096K, reserved 1114112K
  class space    used 4441K, committed 4672K, reserved 1048576K
}
Event: 2.173 GC heap after
{Heap after GC invocations=10 (full 0):
 garbage-first heap   total 41984K, used 16100K [0x00000000c2600000, 0x0000000100000000)
  region size 1024K, 3 young (3072K), 3 survivors (3072K)
 Metaspace       used 35667K, committed 36096K, reserved 1114112K
  class space    used 4441K, committed 4672K, reserved 1048576K
}
Event: 2.407 GC heap before
{Heap before GC invocations=11 (full 0):
 garbage-first heap   total 41984K, used 31460K [0x00000000c2600000, 0x0000000100000000)
  region size 1024K, 18 young (18432K), 3 survivors (3072K)
 Metaspace       used 37652K, committed 38144K, reserved 1114112K
  class space    used 4763K, committed 4992K, reserved 1048576K
}
Event: 2.411 GC heap after
{Heap after GC invocations=12 (full 0):
 garbage-first heap   total 41984K, used 17532K [0x00000000c2600000, 0x0000000100000000)
  region size 1024K, 3 young (3072K), 3 survivors (3072K)
 Metaspace       used 37652K, committed 38144K, reserved 1114112K
  class space    used 4763K, committed 4992K, reserved 1048576K
}
Event: 2.613 GC heap before
{Heap before GC invocations=12 (full 0):
 garbage-first heap   total 41984K, used 30844K [0x00000000c2600000, 0x0000000100000000)
  region size 1024K, 17 young (17408K), 3 survivors (3072K)
 Metaspace       used 40289K, committed 40768K, reserved 1114112K
  class space    used 5066K, committed 5312K, reserved 1048576K
}
Event: 2.617 GC heap after
{Heap after GC invocations=13 (full 0):
 garbage-first heap   total 51200K, used 19834K [0x00000000c2600000, 0x0000000100000000)
  region size 1024K, 3 young (3072K), 3 survivors (3072K)
 Metaspace       used 40289K, committed 40768K, reserved 1114112K
  class space    used 5066K, committed 5312K, reserved 1048576K
}
Event: 2.902 GC heap before
{Heap before GC invocations=13 (full 0):
 garbage-first heap   total 51200K, used 37242K [0x00000000c2600000, 0x0000000100000000)
  region size 1024K, 21 young (21504K), 3 survivors (3072K)
 Metaspace       used 43111K, committed 43584K, reserved 1114112K
  class space    used 5392K, committed 5632K, reserved 1048576K
}
Event: 2.906 GC heap after
{Heap after GC invocations=14 (full 0):
 garbage-first heap   total 51200K, used 21491K [0x00000000c2600000, 0x0000000100000000)
  region size 1024K, 2 young (2048K), 2 survivors (2048K)
 Metaspace       used 43111K, committed 43584K, reserved 1114112K
  class space    used 5392K, committed 5632K, reserved 1048576K
}
Event: 5.300 GC heap before
{Heap before GC invocations=14 (full 0):
 garbage-first heap   total 51200K, used 37875K [0x00000000c2600000, 0x0000000100000000)
  region size 1024K, 19 young (19456K), 2 survivors (2048K)
 Metaspace       used 48392K, committed 48960K, reserved 1114112K
  class space    used 5936K, committed 6208K, reserved 1048576K
}
Event: 5.303 GC heap after
{Heap after GC invocations=15 (full 0):
 garbage-first heap   total 51200K, used 22632K [0x00000000c2600000, 0x0000000100000000)
  region size 1024K, 3 young (3072K), 3 survivors (3072K)
 Metaspace       used 48392K, committed 48960K, reserved 1114112K
  class space    used 5936K, committed 6208K, reserved 1048576K
}
Event: 5.585 GC heap before
{Heap before GC invocations=15 (full 0):
 garbage-first heap   total 51200K, used 40040K [0x00000000c2600000, 0x0000000100000000)
  region size 1024K, 20 young (20480K), 3 survivors (3072K)
 Metaspace       used 50975K, committed 51520K, reserved 1114112K
  class space    used 6294K, committed 6528K, reserved 1048576K
}
Event: 5.588 GC heap after
{Heap after GC invocations=16 (full 0):
 garbage-first heap   total 51200K, used 23139K [0x00000000c2600000, 0x0000000100000000)
  region size 1024K, 2 young (2048K), 2 survivors (2048K)
 Metaspace       used 50975K, committed 51520K, reserved 1114112K
  class space    used 6294K, committed 6528K, reserved 1048576K
}
Event: 5.653 GC heap before
{Heap before GC invocations=16 (full 0):
 garbage-first heap   total 51200K, used 39523K [0x00000000c2600000, 0x0000000100000000)
  region size 1024K, 19 young (19456K), 2 survivors (2048K)
 Metaspace       used 51018K, committed 51520K, reserved 1114112K
  class space    used 6302K, committed 6528K, reserved 1048576K
}
Event: 5.655 GC heap after
{Heap after GC invocations=17 (full 0):
 garbage-first heap   total 51200K, used 23475K [0x00000000c2600000, 0x0000000100000000)
  region size 1024K, 1 young (1024K), 1 survivors (1024K)
 Metaspace       used 51018K, committed 51520K, reserved 1114112K
  class space    used 6302K, committed 6528K, reserved 1048576K
}
Event: 5.718 GC heap before
{Heap before GC invocations=17 (full 0):
 garbage-first heap   total 51200K, used 39859K [0x00000000c2600000, 0x0000000100000000)
  region size 1024K, 18 young (18432K), 1 survivors (1024K)
 Metaspace       used 51043K, committed 51584K, reserved 1114112K
  class space    used 6305K, committed 6528K, reserved 1048576K
}

